
> world-wise@0.0.0 build
> tsc -b && vite build

src/App.tsx(6,3): error TS6133: 'Navigate' is declared but its value is never read.
src/App.tsx(31,21): error TS6133: 'useRef' is declared but its value is never read.
src/App.tsx(31,29): error TS6133: 'useState' is declared but its value is never read.
src/App.tsx(32,1): error TS6133: 'getWebSocketUrl' is declared but its value is never read.
src/App.tsx(40,1): error TS6133: 'React' is declared but its value is never read.
src/App.tsx(42,1): error TS6133: 'RemoteGame' is declared but its value is never read.
src/App.tsx(106,37): error TS6133: 'setGameAccepted' is declared but its value is never read.
src/components/Achievements.tsx(2,8): error TS6133: 'React' is declared but its value is never read.
src/components/Achievements.tsx(3,1): error TS6192: All imports in import declaration are unused.
src/components/Achievements.tsx(5,1): error TS6133: 'TrendingUp' is declared but its value is never read.
src/components/Achievements.tsx(44,10): error TS6133: 'currentIndex' is declared but its value is never read.
src/components/Achievements.tsx(46,9): error TS6133: 'handlePrev' is declared but its value is never read.
src/components/Achievements.tsx(50,9): error TS6133: 'handleNext' is declared but its value is never read.
src/components/Auth/AuthFooter.tsx(1,1): error TS6192: All imports in import declaration are unused.
src/components/Auth/AuthPongBox.tsx(4,23): error TS7031: Binding element 'isLogin' implicitly has an 'any' type.
src/components/Auth/AuthPongBox.tsx(4,32): error TS7031: Binding element 'setIslogin' implicitly has an 'any' type.
src/components/Auth/Oauth2.tsx(4,23): error TS2307: Cannot find module '../../assets/42Logo.svg' or its corresponding type declarations.
src/components/Auth/Oauth2.tsx(7,25): error TS2307: Cannot find module '../../assets/discordIcon.svg' or its corresponding type declarations.
src/components/chat/ButtonSection.tsx(5,1): error TS6133: 'toast' is declared but its value is never read.
src/components/chat/ChatBody.tsx(1,1): error TS6192: All imports in import declaration are unused.
src/components/chat/ChatBody.tsx(2,1): error TS6133: 'css' is declared but its value is never read.
src/components/chat/ChatContent.tsx(1,41): error TS6133: 'useRef' is declared but its value is never read.
src/components/chat/ChatHeader.tsx(5,1): error TS6133: 'useUser' is declared but its value is never read.
src/components/chat/Menu.tsx(1,1): error TS6133: 'React' is declared but its value is never read.
src/components/chat/Menu.tsx(15,17): error TS7031: Binding element 'isOpen' implicitly has an 'any' type.
src/components/chat/Menu.tsx(15,25): error TS7031: Binding element 'position' implicitly has an 'any' type.
src/components/chat/Menu.tsx(15,35): error TS7031: Binding element 'onClose' implicitly has an 'any' type.
src/components/chat/MessageArea.tsx(1,36): error TS6133: 'useState' is declared but its value is never read.
src/components/chat/MessageArea.tsx(4,1): error TS6133: 'useUser' is declared but its value is never read.
src/components/chat/MessageItem.tsx(5,1): error TS6133: 'useUser' is declared but its value is never read.
src/components/chat/MessageList.tsx(227,65): error TS2339: Property 'contains' does not exist on type 'never'.
src/components/ConfirmationModal/ConfirmationModal.tsx(25,30): error TS7031: Binding element 'message' implicitly has an 'any' type.
src/components/ConfirmationModal/ConfirmationModal.tsx(25,39): error TS7031: Binding element 'onConfirm' implicitly has an 'any' type.
src/components/ConfirmationModal/ConfirmationModal.tsx(25,50): error TS7031: Binding element 'onCancel' implicitly has an 'any' type.
src/components/ConfirmationModal/ConfirmationModal.tsx(25,60): error TS7031: Binding element 'show' implicitly has an 'any' type.
src/components/ConnectionStatus.tsx(1,8): error TS6133: 'React' is declared but its value is never read.
src/components/Dashboard/CompetitiveOverview.tsx(1,8): error TS6133: 'React' is declared but its value is never read.
src/components/Dashboard/CompetitiveOverview.tsx(2,36): error TS6133: 'Target' is declared but its value is never read.
src/components/Dashboard/FriendsList.tsx(1,1): error TS6133: 'React' is declared but its value is never read.
src/components/Dashboard/FriendsList.tsx(6,7): error TS6133: 'friendsData' is declared but its value is never read.
src/components/Dashboard/FriendsList.tsx(27,48): error TS6133: 'refetch' is declared but its value is never read.
src/components/Dashboard/Leaderboard.tsx(1,1): error TS6133: 'React' is declared but its value is never read.
src/components/Dashboard/LineChartComponent.tsx(1,1): error TS6133: 'React' is declared but its value is never read.
src/components/Dashboard/LineChartComponent.tsx(3,10): error TS6133: 'Trophy' is declared but its value is never read.
src/components/Dashboard/WinRateDoughnut.tsx(1,1): error TS6133: 'React' is declared but its value is never read.
src/components/Dashboard/WinRateDoughnut.tsx(32,19): error TS7006: Parameter 'context' implicitly has an 'any' type.
src/components/Friends/AllFriends.tsx(1,27): error TS6133: 'useEffect' is declared but its value is never read.
src/components/Friends/FriendRequests.tsx(1,17): error TS6133: 'useState' is declared but its value is never read.
src/components/Game/components/ArcadeLoader/ArcadeLoader.tsx(1,1): error TS6133: 'React' is declared but its value is never read.
src/components/Game/components/EndGameScreen/EndGameScreen.tsx(1,1): error TS6133: 'Link' is declared but its value is never read.
src/components/Game/components/EndGameScreen/EndGameScreen.tsx(5,1): error TS6133: 'React' is declared but its value is never read.
src/components/Game/components/ErrorMessage/ErrorMessage.tsx(1,1): error TS6133: 'React' is declared but its value is never read.
src/components/Game/components/GameButton/GameButton.tsx(1,8): error TS6133: 'React' is declared but its value is never read.
src/components/Game/components/GameInviteCard/GameInviteCard.tsx(6,3): error TS6133: 'CardTitle' is declared but its value is never read.
src/components/Game/components/GameModeScreen/GameModeScreen.tsx(7,1): error TS6133: 'PixelButton' is declared but its value is never read.
src/components/Game/components/MultiPlayerPong/MultiPlayerPong.tsx(31,5): error TS2554: Expected 5 arguments, but got 6.
src/components/Game/components/MultiPlayerPong/MultiPlayerPong.tsx(96,13): error TS6133: 'pixelRatio' is declared but its value is never read.
src/components/Game/components/MultiPlayerPong/MultiPlayerPong.tsx(143,7): error TS2554: Expected 5 arguments, but got 6.
src/components/Game/components/MultiPlayerPong/MultiPlayerPong.tsx(151,7): error TS2554: Expected 5 arguments, but got 6.
src/components/Game/components/MultiPlayerPong/MultiPlayerPong.tsx(272,43): error TS2339: Property 'move' does not exist on type 'Paddle'.
src/components/Game/components/MultiPlayerPong/MultiPlayerPong.tsx(274,33): error TS2339: Property 'ai' does not exist on type 'Paddle'.
src/components/Game/components/MultiPlayerPong/MultiPlayerPong.tsx(274,52): error TS2339: Property 'move' does not exist on type 'Paddle'.
src/components/Game/components/MultiPlayerPong/MultiPlayerPong.tsx(275,12): error TS2339: Property 'draw' does not exist on type 'Ball'.
src/components/Game/components/MultiPlayerPong/MultiPlayerPong.tsx(276,15): error TS2339: Property 'draw' does not exist on type 'Paddle'.
src/components/Game/components/MultiPlayerPong/MultiPlayerPong.tsx(277,15): error TS2339: Property 'draw' does not exist on type 'Paddle'.
src/components/Game/components/MultiPlayerPong/MultiPlayerPong.tsx(304,16): error TS2304: Cannot find name 'canvasWidth'.
src/components/Game/components/MultiPlayerPong/MultiPlayerPong.tsx(305,17): error TS2304: Cannot find name 'canvasHeight'.
src/components/Game/components/Pong/Pong.tsx(307,11): error TS6133: 'paddle1bot' is declared but its value is never read.
src/components/Game/RemoteGame/GameChat.tsx(1,8): error TS6133: 'React' is declared but its value is never read.
src/components/Game/RemoteGame/PlayerMatchupBanner.tsx(1,1): error TS6133: 'React' is declared but its value is never read.
src/components/Game/RemoteGame/PlayerMatchupBanner.tsx(2,18): error TS6133: 'Trophy' is declared but its value is never read.
src/components/Game/RemoteGame/RemoteGame.tsx(6,1): error TS6133: 'ArcadeLoader' is declared but its value is never read.
src/components/Game/RemoteGame/RemoteGame.tsx(10,1): error TS6133: 'MatchmakingScreen' is declared but its value is never read.
src/components/Game/RemoteGame/RemoteGame.tsx(11,10): error TS6133: 'Crosshair' is declared but its value is never read.
src/components/Game/RemoteGame/RemoteGame.tsx(11,21): error TS6133: 'Zap' is declared but its value is never read.
src/components/Game/RemoteGame/RemoteGame.tsx(11,26): error TS6133: 'Gamepad2' is declared but its value is never read.
src/components/Game/RemoteGame/RemoteGame.tsx(33,17): error TS6133: 'SwitchSound' is declared but its value is never read.
src/components/Game/RemoteGame/RemoteGame.tsx(36,9): error TS6133: 'setGameAccepted' is declared but its value is never read.
src/components/Game/RemoteGame/RemoteGame.tsx(95,28): error TS6133: 'e' is declared but its value is never read.
src/components/Game/RemoteGame/Room.tsx(1,8): error TS6133: 'React' is declared but its value is never read.
src/components/Game/RemoteGame/Room.tsx(34,36): error TS6133: 'e' is declared but its value is never read.
src/components/Logo/Logo.tsx(1,1): error TS6133: 'NavLink' is declared but its value is never read.
src/components/Logo/Logo.tsx(2,1): error TS6133: 'css' is declared but its value is never read.
src/components/Logo/Logo.tsx(3,21): error TS2307: Cannot find module '/icons/logo.svg' or its corresponding type declarations.
src/components/PreLoader/PreLoader.tsx(7,10): error TS6133: 'isLoggedIn' is declared but its value is never read.
src/components/Profile/EditInfosProfile.tsx(21,28): error TS7031: Binding element 'setEditProfile' implicitly has an 'any' type.
src/components/Profile/EditInfosProfile.tsx(23,79): error TS6133: 'setError' is declared but its value is never read.
src/components/Profile/EditInfosProfile.tsx(48,30): error TS2345: Argument of type 'FileList | null' is not assignable to parameter of type 'FileList'.
  Type 'null' is not assignable to type 'FileList'.
src/components/Profile/EditProfile.tsx(12,23): error TS7031: Binding element 'setEditProfile' implicitly has an 'any' type.
src/components/Profile/EditProfile.tsx(12,39): error TS7031: Binding element 'profileData' implicitly has an 'any' type.
src/components/Profile/EditProfile.tsx(43,43): error TS2322: Type '{ profileData: any; setEditProfile: any; }' is not assignable to type 'IntrinsicAttributes & { setEditProfile: any; }'.
  Property 'profileData' does not exist on type 'IntrinsicAttributes & { setEditProfile: any; }'.
src/components/Profile/EditSecurityProfile.tsx(19,31): error TS7031: Binding element 'setEditProfile' implicitly has an 'any' type.
src/components/Profile/EditSecurityProfile.tsx(28,39): error TS7006: Parameter 'field' implicitly has an 'any' type.
src/components/Profile/EditSecurityProfile.tsx(31,21): error TS7053: Element implicitly has an 'any' type because expression of type 'any' can't be used to index type '{ current_pass: boolean; new_pass: boolean; confirm_pass: boolean; }'.
src/components/Profile/GameHistory.tsx(3,21): error TS2307: Cannot find module '../assets/avatar1.svg' or its corresponding type declarations.
src/components/Profile/GameHistory.tsx(4,21): error TS2307: Cannot find module '../assets/avatar2.svg' or its corresponding type declarations.
src/components/Profile/GameHistory.tsx(5,21): error TS2307: Cannot find module '../assets/avatar3.svg' or its corresponding type declarations.
src/components/Profile/GameHistory.tsx(6,21): error TS2307: Cannot find module '../assets/avatar4.svg' or its corresponding type declarations.
src/components/Profile/GameHistory.tsx(17,11): error TS6196: 'GamesHistory' is declared but never used.
src/components/Profile/LevelStat.tsx(3,22): error TS7031: Binding element 'level' implicitly has an 'any' type.
src/components/Profile/LevelStat.tsx(3,29): error TS7031: Binding element 'currentXP' implicitly has an 'any' type.
src/components/Profile/LevelStat.tsx(3,40): error TS7031: Binding element 'xpForNextLevel' implicitly has an 'any' type.
src/components/Profile/ProfileFriends.tsx(10,1): error TS6133: 'c' is declared but its value is never read.
src/components/Profile/ProfileFriends.tsx(11,10): error TS6133: 'Navigate' is declared but its value is never read.
src/components/Profile/ProfileFriends.tsx(29,50): error TS6133: 'refetch' is declared but its value is never read.
src/components/Profile/ProfileFriends.tsx(65,34): error TS18048: 'friendsData.length' is possibly 'undefined'.
src/components/Profile/ProfileFriends.tsx(66,35): error TS18048: 'friendsData.length' is possibly 'undefined'.
src/components/Profile/ProfileGamesHistory.tsx(7,1): error TS6133: 'useGetData' is declared but its value is never read.
src/components/Profile/ProfileGamesHistory.tsx(14,11): error TS6196: 'GameHistory' is declared but never used.
src/components/Profile/ProfileHeader.tsx(2,1): error TS6133: 'useState' is declared but its value is never read.
src/components/Profile/ProfileHeader.tsx(4,1): error TS6133: 'apiClient' is declared but its value is never read.
src/components/Profile/ProfileHeader.tsx(5,1): error TS6133: 'API_GET_PROFILE_URL' is declared but its value is never read.
src/components/Profile/ProfileHeader.tsx(22,25): error TS7031: Binding element 'isEditProfile' implicitly has an 'any' type.
src/components/Profile/ProfileHeader.tsx(22,40): error TS7031: Binding element 'setEditProfile' implicitly has an 'any' type.
src/components/ProtectedRoute.tsx(1,1): error TS6133: 'React' is declared but its value is never read.
src/components/Sidebar/components/ThemeToggle/ThemeToggle.tsx(7,3): error TS6133: 'DARK_MODE_ICON_SIZE' is declared but its value is never read.
src/components/Sidebar/Sidebar.tsx(18,1): error TS6133: 'config' is declared but its value is never read.
src/components/Sidebar/Sidebar.tsx(56,9): error TS6133: 'handleResize' is declared but its value is never read.
src/components/Topbar/NotificationsDropdown.tsx(1,8): error TS6133: 'React' is declared but its value is never read.
src/components/Topbar/Topbar.tsx(1,1): error TS6133: 'IoMdNotificationsOutline' is declared but its value is never read.
src/components/Tournament/components/Bracket/Bracket.tsx(4,3): error TS6133: 'matchNumber' is declared but its value is never read.
src/components/Tournament/components/BracketComponents/BracketComponents.tsx(1,8): error TS6133: 'React' is declared but its value is never read.
src/components/Tournament/components/CreateTournamentModal/CreateTournamentModal.tsx(15,30): error TS7006: Parameter 'e' implicitly has an 'any' type.
src/components/Tournament/components/TournamentHeader/TournamentHeader.tsx(1,8): error TS6133: 'React' is declared but its value is never read.
src/components/Tournament/components/TournamentList/TournamentList.tsx(1,1): error TS6192: All imports in import declaration are unused.
src/components/Tournament/components/TournamentList/TournamentList.tsx(2,1): error TS6133: 'axios' is declared but its value is never read.
src/components/Tournament/components/TournamentList/TournamentList.tsx(4,1): error TS6133: 'useGetData' is declared but its value is never read.
src/components/Tournament/components/TournamentList/TournamentList.tsx(40,12): error TS6133: 'isInTournament' is declared but its value is never read.
src/components/Tournament/RemoteTournament/RemoteTournament.tsx(1,17): error TS6133: 'PropsWithChildren' is declared but its value is never read.
src/components/Tournament/RemoteTournament/RemoteTournament.tsx(3,1): error TS6133: 'useGetData' is declared but its value is never read.
src/components/Tournament/RemoteTournament/RemoteTournament.tsx(10,10): error TS2305: Module '"@/contexts/WebSocketContext"' has no exported member 'MessageData'.
src/components/Tournament/RemoteTournament/RemoteTournament.tsx(12,10): error TS6133: 'IconLabelButtons' is declared but its value is never read.
src/components/Tournament/Tournament/Tournament.tsx(1,17): error TS6133: 'PropsWithChildren' is declared but its value is never read.
src/components/Tournament/Tournament/Tournament.tsx(375,6): error TS6196: 'FormProps' is declared but never used.
src/components/ui/chart.tsx(3,1): error TS6192: All imports in import declaration are unused.
src/contexts/AuthContext.tsx(43,40): error TS18046: 'error' is of type 'unknown'.
src/contexts/UserContext.tsx(1,44): error TS6133: 'useEffect' is declared but its value is never read.
src/contexts/UserContext.tsx(1,55): error TS6133: 'useState' is declared but its value is never read.
src/hooks/auth/useLogin.tsx(5,29): error TS7016: Could not find a declaration file for module '@hookform/resolvers/yup'. '/goinfre/rel-isma/ft_transcendence/frontend/node_modules/@hookform/resolvers/yup/dist/yup.mjs' implicitly has an 'any' type.
  There are types at '/goinfre/rel-isma/ft_transcendence/frontend/node_modules/@hookform/resolvers/yup/dist/index.d.ts', but this result could not be resolved when respecting package.json "exports". The '@hookform/resolvers' library may need to update its package.json or typings.
src/hooks/auth/useLogin.tsx(46,27): error TS2339: Property 'response' does not exist on type 'Error'.
src/hooks/auth/useLogin.tsx(49,14): error TS2339: Property 'response' does not exist on type 'Error'.
src/hooks/auth/useLogin.tsx(49,83): error TS2339: Property 'response' does not exist on type 'Error'.
src/hooks/auth/useOauth2Username.tsx(3,29): error TS7016: Could not find a declaration file for module '@hookform/resolvers/yup'. '/goinfre/rel-isma/ft_transcendence/frontend/node_modules/@hookform/resolvers/yup/dist/yup.mjs' implicitly has an 'any' type.
  There are types at '/goinfre/rel-isma/ft_transcendence/frontend/node_modules/@hookform/resolvers/yup/dist/index.d.ts', but this result could not be resolved when respecting package.json "exports". The '@hookform/resolvers' library may need to update its package.json or typings.
src/hooks/auth/useOauth2Username.tsx(48,27): error TS2339: Property 'response' does not exist on type 'Error'.
src/hooks/auth/useOauth2Username.tsx(50,14): error TS2339: Property 'response' does not exist on type 'Error'.
src/hooks/auth/useOauth2Username.tsx(50,83): error TS2339: Property 'response' does not exist on type 'Error'.
src/hooks/auth/useSignup.tsx(5,29): error TS7016: Could not find a declaration file for module '@hookform/resolvers/yup'. '/goinfre/rel-isma/ft_transcendence/frontend/node_modules/@hookform/resolvers/yup/dist/yup.mjs' implicitly has an 'any' type.
  There are types at '/goinfre/rel-isma/ft_transcendence/frontend/node_modules/@hookform/resolvers/yup/dist/index.d.ts', but this result could not be resolved when respecting package.json "exports". The '@hookform/resolvers' library may need to update its package.json or typings.
src/hooks/auth/useSignup.tsx(60,17): error TS2339: Property 'response' does not exist on type 'Error'.
src/hooks/auth/useSignup.tsx(61,49): error TS2339: Property 'response' does not exist on type 'Error'.
src/hooks/profile/useChangePass.tsx(5,29): error TS7016: Could not find a declaration file for module '@hookform/resolvers/yup'. '/goinfre/rel-isma/ft_transcendence/frontend/node_modules/@hookform/resolvers/yup/dist/yup.mjs' implicitly has an 'any' type.
  There are types at '/goinfre/rel-isma/ft_transcendence/frontend/node_modules/@hookform/resolvers/yup/dist/index.d.ts', but this result could not be resolved when respecting package.json "exports". The '@hookform/resolvers' library may need to update its package.json or typings.
src/hooks/profile/useChangePass.tsx(64,20): error TS18048: 'error.response' is possibly 'undefined'.
src/hooks/profile/useChangePass.tsx(65,42): error TS2345: Argument of type '"current_pass"' is not assignable to parameter of type '`root.${string}` | "root" | "current_password" | "new_password" | "confirm_password"'.
src/hooks/profile/useChangePass.tsx(68,7): error TS18048: 'error.response' is possibly 'undefined'.
src/hooks/profile/useChangePass.tsx(68,29): error TS2339: Property 'error' does not exist on type '{}'.
src/hooks/profile/useChangePass.tsx(68,95): error TS2339: Property 'error' does not exist on type '{}'.
src/hooks/profile/useEditInfosProfile.tsx(5,29): error TS7016: Could not find a declaration file for module '@hookform/resolvers/yup'. '/goinfre/rel-isma/ft_transcendence/frontend/node_modules/@hookform/resolvers/yup/dist/yup.mjs' implicitly has an 'any' type.
  There are types at '/goinfre/rel-isma/ft_transcendence/frontend/node_modules/@hookform/resolvers/yup/dist/index.d.ts', but this result could not be resolved when respecting package.json "exports". The '@hookform/resolvers' library may need to update its package.json or typings.
src/hooks/profile/useEditInfosProfile.tsx(55,31): error TS7006: Parameter 'data' implicitly has an 'any' type.
src/hooks/profile/useEditInfosProfile.tsx(100,20): error TS18048: 'error.response' is possibly 'undefined'.
src/hooks/profile/useEditInfosProfile.tsx(106,7): error TS18048: 'error.response' is possibly 'undefined'.
src/hooks/profile/useEditInfosProfile.tsx(106,29): error TS2339: Property 'error' does not exist on type '{}'.
src/hooks/profile/useEditInfosProfile.tsx(106,95): error TS2339: Property 'error' does not exist on type '{}'.
src/hooks/useContainerSize.tsx(1,8): error TS6133: 'React' is declared but its value is never read.
src/hooks/useGameLogic.ts(1,20): error TS6133: 'useEffect' is declared but its value is never read.
src/main.tsx(4,1): error TS6133: 'ReactQueryDevtools' is declared but its value is never read.
src/pages/Auth/Auth.tsx(18,24): error TS6133: 'isLoading' is declared but its value is never read.
src/pages/Auth/Login.tsx(10,22): error TS2307: Cannot find module '../../assets/userIcon.svg' or its corresponding type declarations.
src/pages/Auth/Login.tsx(11,22): error TS2307: Cannot find module '../../assets/passIcon.svg' or its corresponding type declarations.
src/pages/Auth/Login.tsx(22,17): error TS7031: Binding element 'onSetAuthStat' implicitly has an 'any' type.
src/pages/Auth/Oauth2Callback.tsx(4,1): error TS6133: 'axios' is declared but its value is never read.
src/pages/Auth/Oauth2Callback.tsx(10,1): error TS6133: 'authCss' is declared but its value is never read.
src/pages/Auth/Oauth2Callback.tsx(12,22): error TS2307: Cannot find module '../../assets/userIcon.svg' or its corresponding type declarations.
src/pages/Auth/Oauth2Callback.tsx(13,1): error TS6133: 'apiClient' is declared but its value is never read.
src/pages/Auth/Signup.tsx(8,22): error TS2307: Cannot find module '../../assets/userIcon.svg' or its corresponding type declarations.
src/pages/Auth/Signup.tsx(9,23): error TS2307: Cannot find module '../../assets/emailIcon.svg' or its corresponding type declarations.
src/pages/Auth/Signup.tsx(10,22): error TS2307: Cannot find module '../../assets/passIcon.svg' or its corresponding type declarations.
src/pages/Auth/Signup.tsx(22,18): error TS7031: Binding element 'setIslogin' implicitly has an 'any' type.
src/pages/Auth/Signup.tsx(22,30): error TS7031: Binding element 'onSetAuthStat' implicitly has an 'any' type.
src/pages/Auth/Signup.tsx(32,25): error TS2339: Property 'message' does not exist on type 'AxiosResponse<any, any>'.
src/pages/Auth/Signup.tsx(42,37): error TS2339: Property 'response' does not exist on type 'Error'.
src/pages/Dashboard/Dashboard.tsx(1,1): error TS6192: All imports in import declaration are unused.
src/pages/Game/Game.tsx(5,3): error TS6133: 'CardDescription' is declared but its value is never read.
src/pages/Game/Game.tsx(6,3): error TS6133: 'CardFooter' is declared but its value is never read.
src/pages/Game/Game.tsx(10,10): error TS6133: 'Shield' is declared but its value is never read.
src/pages/Game/Game.tsx(10,62): error TS6133: 'Key' is declared but its value is never read.
src/pages/Game/Game.tsx(57,9): error TS6133: 'isLoggedIn' is declared but its value is never read.
src/pages/Game/MatchmakingScreen/MatchmakingScreen.tsx(1,8): error TS6133: 'React' is declared but its value is never read.
src/pages/Leaderboard/Leaderboard.tsx(4,10): error TS6133: 'useEffect' is declared but its value is never read.
src/pages/Leaderboard/Leaderboard.tsx(4,29): error TS6133: 'useState' is declared but its value is never read.
src/pages/Leaderboard/Leaderboard.tsx(5,1): error TS6133: 'log' is declared but its value is never read.
src/pages/Leaderboard/Leaderboard.tsx(6,1): error TS6133: 'useWebSocket' is declared but its value is never read.
src/pages/Login.tsx(7,17): error TS6133: 'setEmail' is declared but its value is never read.
src/pages/Login.tsx(38,5): error TS2304: Cannot find name 'addUser'.
src/pages/PageNotFound/PageNotFound.tsx(1,1): error TS6133: 'React' is declared but its value is never read.
tsconfig.node.json(8,25): error TS5095: Option 'bundler' can only be used when 'module' is set to 'preserve' or to 'es2015' or later.
